SF:lib/main.dart
DA:5,0
DA:6,0
DA:10,2
DA:12,0
LF:4
LH:1
end_of_record
SF:lib/utils/list_container.dart
DA:6,2
DA:8,2
DA:9,4
DA:12,6
DA:14,1
DA:15,1
DA:17,4
DA:18,8
DA:24,1
DA:26,1
DA:27,3
DA:28,3
DA:29,3
DA:31,1
DA:32,2
LF:15
LH:15
end_of_record
SF:lib/ui/home/home.ui.dart
DA:6,2
DA:8,0
DA:9,0
DA:20,0
DA:21,0
DA:22,0
DA:26,0
DA:28,0
DA:29,0
DA:32,0
DA:33,0
DA:35,0
DA:46,0
DA:48,0
LF:14
LH:1
end_of_record
SF:lib/model/option.dart
DA:7,1
DA:9,0
DA:10,0
DA:11,0
DA:12,0
DA:13,0
LF:6
LH:1
end_of_record
SF:lib/model/result_item.dart
DA:6,0
DA:8,0
DA:10,0
LF:3
LH:0
end_of_record
SF:lib/repository/ufmg_api.dart
DA:11,1
DA:13,1
DA:14,4
DA:15,3
DA:18,1
LF:5
LH:5
end_of_record
SF:lib/services/fetch_data.service.dart
DA:12,0
DA:13,0
DA:15,0
DA:16,0
DA:19,0
DA:20,0
DA:23,0
DA:24,0
DA:25,0
DA:26,0
DA:30,0
DA:31,0
DA:32,0
DA:33,0
DA:35,0
DA:36,0
DA:37,0
DA:39,0
LF:18
LH:0
end_of_record
SF:lib/ui/home/serie_a.ui.dart
DA:8,2
DA:10,0
DA:11,0
DA:15,0
DA:23,0
DA:24,0
DA:27,0
DA:29,0
DA:31,0
DA:32,0
DA:33,0
DA:34,0
DA:36,0
DA:41,0
DA:43,0
DA:44,0
DA:45,0
DA:46,0
DA:47,0
DA:48,0
DA:50,0
LF:21
LH:1
end_of_record
SF:lib/ui/home/serie_b.ui.dart
DA:8,2
DA:10,0
DA:11,0
DA:15,0
DA:23,0
DA:24,0
DA:27,0
DA:29,0
DA:31,0
DA:32,0
DA:33,0
DA:34,0
DA:36,0
DA:41,0
DA:43,0
DA:44,0
DA:45,0
DA:46,0
DA:47,0
DA:48,0
DA:50,0
LF:21
LH:1
end_of_record
SF:lib/ui/home/result.ui.dart
DA:10,0
DA:12,0
DA:13,0
DA:18,0
DA:20,0
DA:21,0
DA:22,0
DA:24,0
DA:26,0
DA:27,0
DA:33,0
DA:34,0
DA:35,0
DA:36,0
DA:40,0
DA:41,0
DA:42,0
DA:43,0
DA:44,0
DA:45,0
DA:48,0
DA:49,0
DA:50,0
DA:55,0
DA:56,0
DA:58,0
DA:59,0
DA:65,0
DA:66,0
DA:68,0
DA:69,0
LF:31
LH:0
end_of_record
